0 info it worked if it ends with ok
1 verbose cli [ '/Users/brian/.nvm/versions/node/v6.3.1/bin/node',
1 verbose cli   '/Users/brian/.nvm/versions/node/v6.3.1/bin/npm',
1 verbose cli   'run',
1 verbose cli   'buildfiles' ]
2 info using npm@3.10.3
3 info using node@v6.3.1
4 verbose run-script [ 'prebuildfiles', 'buildfiles', 'postbuildfiles' ]
5 info lifecycle newwebpackproj@1.0.0~prebuildfiles: newwebpackproj@1.0.0
6 silly lifecycle newwebpackproj@1.0.0~prebuildfiles: no script for prebuildfiles, continuing
7 info lifecycle newwebpackproj@1.0.0~buildfiles: newwebpackproj@1.0.0
8 verbose lifecycle newwebpackproj@1.0.0~buildfiles: unsafe-perm in lifecycle true
9 verbose lifecycle newwebpackproj@1.0.0~buildfiles: PATH: /Users/brian/.nvm/versions/node/v6.3.1/lib/node_modules/npm/bin/node-gyp-bin:/Users/brian/work/wb-hbs/node_modules/.bin:/Users/brian/.nvm/versions/node/v6.3.1/bin:/Users/brian/.rbenv/shims:/Users/brian/.cargo/bin:/Users/brian/.nvm/versions/node/v6.3.1/bin:/usr/local/go/bin:/Users/brian/work/bin:/usr/local/heroku/bin:/usr/local/bin:/usr/local/sbin:/usr/bin:/bin:/usr/sbin:/sbin:/opt/X11/bin
10 verbose lifecycle newwebpackproj@1.0.0~buildfiles: CWD: /Users/brian/work/wb-hbs
11 silly lifecycle newwebpackproj@1.0.0~buildfiles: Args: [ '-c', 'webpack --config \'./webpack/webpack.config.js\'' ]
12 silly lifecycle newwebpackproj@1.0.0~buildfiles: Returned: code: 1  signal: null
13 info lifecycle newwebpackproj@1.0.0~buildfiles: Failed to exec buildfiles script
14 verbose stack Error: newwebpackproj@1.0.0 buildfiles: `webpack --config './webpack/webpack.config.js'`
14 verbose stack Exit status 1
14 verbose stack     at EventEmitter.<anonymous> (/Users/brian/.nvm/versions/node/v6.3.1/lib/node_modules/npm/lib/utils/lifecycle.js:242:16)
14 verbose stack     at emitTwo (events.js:106:13)
14 verbose stack     at EventEmitter.emit (events.js:191:7)
14 verbose stack     at ChildProcess.<anonymous> (/Users/brian/.nvm/versions/node/v6.3.1/lib/node_modules/npm/lib/utils/spawn.js:40:14)
14 verbose stack     at emitTwo (events.js:106:13)
14 verbose stack     at ChildProcess.emit (events.js:191:7)
14 verbose stack     at maybeClose (internal/child_process.js:852:16)
14 verbose stack     at Process.ChildProcess._handle.onexit (internal/child_process.js:215:5)
15 verbose pkgid newwebpackproj@1.0.0
16 verbose cwd /Users/brian/work/wb-hbs
17 error Darwin 17.7.0
18 error argv "/Users/brian/.nvm/versions/node/v6.3.1/bin/node" "/Users/brian/.nvm/versions/node/v6.3.1/bin/npm" "run" "buildfiles"
19 error node v6.3.1
20 error npm  v3.10.3
21 error code ELIFECYCLE
22 error newwebpackproj@1.0.0 buildfiles: `webpack --config './webpack/webpack.config.js'`
22 error Exit status 1
23 error Failed at the newwebpackproj@1.0.0 buildfiles script 'webpack --config './webpack/webpack.config.js''.
23 error Make sure you have the latest version of node.js and npm installed.
23 error If you do, this is most likely a problem with the newwebpackproj package,
23 error not with npm itself.
23 error Tell the author that this fails on your system:
23 error     webpack --config './webpack/webpack.config.js'
23 error You can get information on how to open an issue for this project with:
23 error     npm bugs newwebpackproj
23 error Or if that isn't available, you can get their info via:
23 error     npm owner ls newwebpackproj
23 error There is likely additional logging output above.
24 verbose exit [ 1, true ]
